[18:16:14] [Client thread/INFO] [JMLogger] JourneyMap log initialized.
[18:16:14] [Client thread/INFO] [JourneymapClient] initialize ENTER
[18:16:14] [Client thread/WARN] [PropertiesBase] core (Initialized) Bad configField entry during updateFrom(): optionsManagerViewed=null
[18:16:15] [Client thread/INFO] [?] Version: JourneyMap 1.12.2-5.5.6, built with Forge 14.23.5.2768
Forge: 14.23.5.2854
Environment: os.name, os.arch, java.version, user.country, user.language=null, game language=en_us, locale=en_us
Features: 
	RadarPlayers : singleplayer = true , multiplayer = true
	RadarAnimals : singleplayer = true , multiplayer = true
	RadarMobs : singleplayer = true , multiplayer = true
	RadarVillagers : singleplayer = true , multiplayer = true
	MapTopo : singleplayer = true , multiplayer = true
	MapSurface : singleplayer = true , multiplayer = true
	MapCaves : singleplayer = true , multiplayer = true
MiniMapProperties{state=Valid, file=journeymap.minimap.config, configVersion=5.5.6, zoomLevel=0, showPlayers=true, frameAlpha=100, compassFontScale=1, terrainAlpha=100, showEntityNames=true, enabled=true, showPlayerHeading=true, showVillagers=true, info2Label=Game Time, sizePercent=30, showDayNight=true, info3Label=Location, showMobs=true, showPets=true, preferredMapType=day, showCompass=true, mobDisplay=Small Dots, showReticle=true, orientation=North, systemTimeRealFormat=HH:mm:ss, shape=Circle, showSelf=true, info4Label=Biome, locationFormat=xzyv, playerDisplay=Small Dots, showGrid=true, reticleOrientation=Compass, gameTimeRealFormat=HH:mm:ss, showWaypoints=true, showCaves=true, showAnimals=true, showMobHeading=true, showWaypointLabels=true, locationFormatVerbose=true, position=Top Right, info1Label=Blank, fontScale=1}
MiniMapProperties{state=Valid, file=journeymap.minimap2.config, configVersion=5.5.6, zoomLevel=0, showPlayers=true, frameAlpha=100, compassFontScale=1, terrainAlpha=100, showEntityNames=true, enabled=true, showPlayerHeading=true, showVillagers=true, info2Label=Game Time, sizePercent=30, showDayNight=true, info3Label=Location, showMobs=true, showPets=true, preferredMapType=day, showCompass=true, mobDisplay=Small Dots, showReticle=true, orientation=North, systemTimeRealFormat=HH:mm:ss, shape=Rectangle, showSelf=true, info4Label=Biome, locationFormat=xzyv, playerDisplay=Small Dots, showGrid=true, reticleOrientation=Compass, gameTimeRealFormat=HH:mm:ss, showWaypoints=true, showCaves=true, showAnimals=true, showMobHeading=true, showWaypointLabels=true, locationFormatVerbose=true, position=Top Right, info1Label=Blank, fontScale=1}
FullMapProperties{state=Valid, file=journeymap.fullmap.config, configVersion=5.5.6, mobDisplay=Small Dots, zoomLevel=2, showPlayers=true, showSelf=true, locationFormat=xzyv, playerDisplay=Small Dots, showGrid=true, showEntityNames=true, showPlayerHeading=true, showVillagers=true, showWaypoints=true, showCaves=true, showAnimals=true, showMobHeading=true, showKeys=true, showWaypointLabels=true, locationFormatVerbose=true, showMobs=true, showPets=true, fontScale=1, preferredMapType=day}
WaypointProperties{state=Valid, file=journeymap.waypoint.config, configVersion=5.5.6, autoRemoveDeathpointDistance=2, createDeathpoints=true, showName=true, dateFormat=MM-dd-yyyy, autoRemoveDeathpoints=false, maxDistance=0, autoHideLabel=true, teleportCommand=/tp {name} {x} {y} {z}, showStaticBeam=true, minDistance=4, timeFormat=HH:mm:ss, boldLabel=false, textureSmall=true, showDeathpointlabel=true, showDistance=true, showRotatingBeam=true, fontScale=2, showTexture=true, managerEnabled=true, beaconEnabled=true}
WebMapProperties{state=Valid, file=journeymap.webmap.config, configVersion=5.5.6, zoomLevel=0, showWaypoints=true, showCaves=true, showSelf=true, port=8080, showGrid=true, showEntityNames=true, enabled=false, googleMapApiDomain=.com, preferredMapType=day}
CoreProperties{state=Valid, file=journeymap.core.config, configVersion=5.5.6, verboseColorPalette=false, maxPlayersData=32, mapSurfaceAboveCaves=true, optionsManagerViewed=null, announceMod=true, colorPassive=#bbbbbb, renderOverlayEventTypeName=ALL, mapBlendWater=false, renderDistanceSurfaceMax=2, radarVerticalDistance=16, mapBlendGrass=true, recordCacheStats=false, hideSneakingEntities=true, revealShape=Circle, alwaysMapSurface=false, colorVillager=#88e188, mapPlants=false, colorPet=#0077ff, radarLateralDistance=64, mapBathymetry=false, mapCrops=true, maxMobsData=32, mapPlantShadows=false, alwaysMapCaves=false, checkUpdates=true, browserPoll=2000, mapBlendFoliage=true, mappingEnabled=true, colorPlayer=#ffffff, tileHighDisplayQuality=true, cacheVillagersData=2200, logLevel=INFO, maxVillagersData=32, maxAnimalsData=32, mapTransparency=true, tileRenderType=1, caveIgnoreGlass=true, mapTopography=true, renderDistanceCaveMax=2, mapAntialiasing=true, colorSelf=#0000ff, cachePlayersData=2000, cacheMobsData=3000, cachePlayerData=1000, splashViewed=5.5.6, colorHostile=#ff0000, cacheAnimalsData=3100, themeName=OceanMonument, mapCaveLighting=true, renderDelay=2, renderOverlayPreEvent=true, autoMapPoll=2000}
[18:16:15] [Client thread/INFO] [ClientAPI] [ClientAPI] built with JourneyMap API 1.4
[18:16:15] [Client thread/INFO] [PluginHelper] Initializing plugins with Client API: journeymap.client.api.impl.ClientAPI
[18:16:15] [Client thread/INFO] [JourneymapClient] initialize EXIT, elapsed count 0 avg ?ms
[18:18:15] [Client thread/DEBUG] [JourneymapClient] postInitialize ENTER
[18:18:15] [Client thread/DEBUG] [EventHandlerManager] Handler registered: journeymap.client.forge.event.KeyEventHandler
[18:18:15] [Client thread/DEBUG] [EventHandlerManager] Handler registered: journeymap.client.forge.event.ChatEventHandler
[18:18:15] [Client thread/DEBUG] [EventHandlerManager] Handler registered: journeymap.client.forge.event.StateTickHandler
[18:18:15] [Client thread/DEBUG] [EventHandlerManager] Handler registered: journeymap.client.forge.event.WorldEventHandler
[18:18:15] [Client thread/DEBUG] [EventHandlerManager] Handler registered: journeymap.client.forge.event.WaypointBeaconHandler
[18:18:15] [Client thread/DEBUG] [EventHandlerManager] Handler registered: journeymap.client.forge.event.TextureAtlasHandler
[18:18:15] [Client thread/DEBUG] [EventHandlerManager] Handler registered: journeymap.client.forge.event.MiniMapOverlayHandler
[18:18:15] [Client thread/DEBUG] [EventHandlerManager] Handler registered: journeymap.client.forge.event.PlayerConnectHandler
[18:18:15] [Client thread/DEBUG] [EventHandlerManager] Handler registered: journeymap.client.world.ChunkMonitor
[18:18:15] [Client thread/ERROR] [FileHandler] Couldn't locate icons for Default: C:\Users\Day\Desktop\MultiMC\instances\Moss%20Staging\.minecraft\mods\journeymap-1.12.2-5.5.6.jar\assets\journeymap\icon\entity
[18:18:15] [Client thread/INFO] [IconSetFileHandler] Added entity icons from journeymap:icon/entity. Success: false
[18:18:15] [Client thread/TRACE] [ThemeLoader] Initializing themes ...
[18:18:15] [Client thread/ERROR] [FileHandler] Couldn't locate icons for flat: C:\Users\Day\Desktop\MultiMC\instances\Moss%20Staging\.minecraft\mods\journeymap-1.12.2-5.5.6.jar\assets\journeymap\theme\flat
[18:18:16] [Client thread/INFO] [ThemeLoader] Preloaded theme textures: 73
[18:18:16] [Client thread/DEBUG] [JourneymapClient] postInitialize EXIT, elapsed§8 count §r1§8 avg §r711.6§8ms§r
[18:18:16] [JM-VersionCheck-1/INFO] [VersionCheck$1] Newer version online: JourneyMap 5.5.9.jar for Minecraft 1.12.2 on http://minecraft.curseforge.com/projects/journeymap/files/2880387
[18:23:02] [Client thread/WARN] [PropertiesBase] core (Initialized) Bad configField entry during updateFrom(): optionsManagerViewed=null
[18:23:03] [Client thread/INFO] [WaypointStore] Loaded 0 waypoints from C:\Users\Day\Desktop\MultiMC\instances\Moss Staging\.minecraft\journeymap\data\sp\Staging 3\waypoints
[18:23:03] [Client thread/INFO] [JourneymapClient] Mapping started in C:\Users\Day\Desktop\MultiMC\instances\Moss Staging\.minecraft\journeymap\data\sp\Staging 3\DIM0. Memory: 7406MB total, 3036MB free 
[18:23:03] [Netty Local Client IO #0/INFO] [FeatureManager] Feature disabled: RadarPlayers
[18:23:07] [Client thread/INFO] [ChatLog] JourneyMap: Press [J]
[18:23:08] [JM-task-4/INFO] [ModBlockDelegate] Custom modded block handling enabled for bibliocraft
[18:23:08] [JM-task-4/INFO] [ModBlockDelegate] Custom modded block handling enabled for biomesoplenty
[18:45:17] [Client thread/INFO] [StateTickHandler] D4y_ died at BlockPos{x=195, y=63, z=275}. Deathpoints enabled: true. Deathpoint created: true
[18:47:10] [Client thread/INFO] [StateTickHandler] D4y_ died at BlockPos{x=107, y=63, z=280}. Deathpoints enabled: true. Deathpoint created: true
[18:53:43] [Client thread/INFO] [StateTickHandler] D4y_ died at BlockPos{x=428, y=14, z=288}. Deathpoints enabled: true. Deathpoint created: true
[18:58:15] [Client thread/INFO] [JourneymapClient] Mapping halted in C:\Users\Day\Desktop\MultiMC\instances\Moss Staging\.minecraft\journeymap\data\sp\Staging 3\DIM0
